<?xml version="1.0" encoding="UTF-8"?>
<!-- Generated by org.testng.reporters.JUnitReportReporter -->
<testsuite hostname="Luffy" failures="1" tests="4" name="testRunner.CucumberTestRunner" time="11.388" errors="0" timestamp="2024-07-14T13:05:04 IST" skipped="0">
  <testcase classname="testRunner.CucumberTestRunner" name="runScenario" time="6.584"/>
  <testcase classname="testRunner.CucumberTestRunner" name="runScenario" time="1.402">
    <failure message="title mismatch expected [https://www.saucedemo.com/v1/inventory.html] but found [https://www.saucedemo.com/v1/]" type="java.lang.AssertionError">
      <![CDATA[java.lang.AssertionError: title mismatch expected [https://www.saucedemo.com/v1/inventory.html] but found [https://www.saucedemo.com/v1/]
at org.testng.Assert.fail(Assert.java:111)
at org.testng.Assert.failNotEquals(Assert.java:1578)
at org.testng.Assert.assertEqualsImpl(Assert.java:150)
at org.testng.Assert.assertEquals(Assert.java:132)
at org.testng.Assert.assertEquals(Assert.java:656)
at com.stepDefinitions.LoginSteps.verify_use_entered_into_home_page(LoginSteps.java:75)
at âœ½.verify use entered into home page(file:///C:/Users/saikr/git/SDETGit/SDETGit/src/test/resources/Feature/login.feature:25)
]]>
    </failure>
  </testcase> <!-- runScenario -->
  <testcase classname="testRunner.CucumberTestRunner" name="runScenario" time="1.381"/>
  <testcase classname="testRunner.CucumberTestRunner" name="runScenario" time="2.021"/>
</testsuite> <!-- testRunner.CucumberTestRunner -->
